0 info it worked if it ends with ok
1 verbose cli [ '/usr/local/bin/node', '/usr/local/bin/npm', 'publish', '.' ]
2 info using npm@1.2.24
3 info using node@v0.10.9
4 verbose publish [ '.' ]
5 verbose read json /Users/adelevie/programming/react-tags/package.json
6 verbose cache add [ '.', null ]
7 verbose cache add name=undefined spec="." args=[".",null]
8 verbose parsed url { protocol: null,
8 verbose parsed url   slashes: null,
8 verbose parsed url   auth: null,
8 verbose parsed url   host: null,
8 verbose parsed url   port: null,
8 verbose parsed url   hostname: null,
8 verbose parsed url   hash: null,
8 verbose parsed url   search: null,
8 verbose parsed url   query: null,
8 verbose parsed url   pathname: '.',
8 verbose parsed url   path: '.',
8 verbose parsed url   href: '.' }
9 silly lockFile 3a52ce78- .
10 verbose lock . /Users/adelevie/.npm/3a52ce78-.lock
11 verbose read json package.json
12 verbose tar pack [ '/var/folders/1m/fb9g9_mx1mjbs1s_dl6h8xc80000gn/T/npm-12183/1390800952855-0.19993962231092155/tmp.tgz',
12 verbose tar pack   '.' ]
13 verbose tarball /var/folders/1m/fb9g9_mx1mjbs1s_dl6h8xc80000gn/T/npm-12183/1390800952855-0.19993962231092155/tmp.tgz
14 verbose folder .
15 info prepublish react-tags@0.2.1
16 silly lockFile 3a52ce78- .
17 verbose lock . /Users/adelevie/.npm/3a52ce78-.lock
18 silly lockFile a23ef3df-2855-0-19993962231092155-tmp-tgz /var/folders/1m/fb9g9_mx1mjbs1s_dl6h8xc80000gn/T/npm-12183/1390800952855-0.19993962231092155/tmp.tgz
19 verbose lock /var/folders/1m/fb9g9_mx1mjbs1s_dl6h8xc80000gn/T/npm-12183/1390800952855-0.19993962231092155/tmp.tgz /Users/adelevie/.npm/a23ef3df-2855-0-19993962231092155-tmp-tgz.lock
20 silly lockFile 3a52ce78- .
21 silly lockFile 3a52ce78- .
22 silly lockFile a23ef3df-2855-0-19993962231092155-tmp-tgz /var/folders/1m/fb9g9_mx1mjbs1s_dl6h8xc80000gn/T/npm-12183/1390800952855-0.19993962231092155/tmp.tgz
23 silly lockFile a23ef3df-2855-0-19993962231092155-tmp-tgz /var/folders/1m/fb9g9_mx1mjbs1s_dl6h8xc80000gn/T/npm-12183/1390800952855-0.19993962231092155/tmp.tgz
24 verbose tar unpack /var/folders/1m/fb9g9_mx1mjbs1s_dl6h8xc80000gn/T/npm-12183/1390800952855-0.19993962231092155/tmp.tgz
25 silly lockFile 802c239f-2855-0-19993962231092155-package /var/folders/1m/fb9g9_mx1mjbs1s_dl6h8xc80000gn/T/npm-12183/1390800952855-0.19993962231092155/package
26 verbose lock /var/folders/1m/fb9g9_mx1mjbs1s_dl6h8xc80000gn/T/npm-12183/1390800952855-0.19993962231092155/package /Users/adelevie/.npm/802c239f-2855-0-19993962231092155-package.lock
27 silly lockFile a23ef3df-2855-0-19993962231092155-tmp-tgz /var/folders/1m/fb9g9_mx1mjbs1s_dl6h8xc80000gn/T/npm-12183/1390800952855-0.19993962231092155/tmp.tgz
28 verbose lock /var/folders/1m/fb9g9_mx1mjbs1s_dl6h8xc80000gn/T/npm-12183/1390800952855-0.19993962231092155/tmp.tgz /Users/adelevie/.npm/a23ef3df-2855-0-19993962231092155-tmp-tgz.lock
29 silly gunzTarPerm modes [ '755', '644' ]
30 silly gunzTarPerm extractEntry package.json
31 silly gunzTarPerm extractEntry README.md
32 silly gunzTarPerm extractEntry main.js
33 verbose read json /var/folders/1m/fb9g9_mx1mjbs1s_dl6h8xc80000gn/T/npm-12183/1390800952855-0.19993962231092155/package/package.json
34 silly lockFile 802c239f-2855-0-19993962231092155-package /var/folders/1m/fb9g9_mx1mjbs1s_dl6h8xc80000gn/T/npm-12183/1390800952855-0.19993962231092155/package
35 silly lockFile 802c239f-2855-0-19993962231092155-package /var/folders/1m/fb9g9_mx1mjbs1s_dl6h8xc80000gn/T/npm-12183/1390800952855-0.19993962231092155/package
36 silly lockFile a23ef3df-2855-0-19993962231092155-tmp-tgz /var/folders/1m/fb9g9_mx1mjbs1s_dl6h8xc80000gn/T/npm-12183/1390800952855-0.19993962231092155/tmp.tgz
37 silly lockFile a23ef3df-2855-0-19993962231092155-tmp-tgz /var/folders/1m/fb9g9_mx1mjbs1s_dl6h8xc80000gn/T/npm-12183/1390800952855-0.19993962231092155/tmp.tgz
38 verbose from cache /var/folders/1m/fb9g9_mx1mjbs1s_dl6h8xc80000gn/T/npm-12183/1390800952855-0.19993962231092155/package/package.json
39 verbose tar pack [ '/Users/adelevie/.npm/react-tags/0.2.1/package.tgz',
39 verbose tar pack   '/var/folders/1m/fb9g9_mx1mjbs1s_dl6h8xc80000gn/T/npm-12183/1390800952855-0.19993962231092155/package' ]
40 verbose tarball /Users/adelevie/.npm/react-tags/0.2.1/package.tgz
41 verbose folder /var/folders/1m/fb9g9_mx1mjbs1s_dl6h8xc80000gn/T/npm-12183/1390800952855-0.19993962231092155/package
42 silly lockFile 802c239f-2855-0-19993962231092155-package /var/folders/1m/fb9g9_mx1mjbs1s_dl6h8xc80000gn/T/npm-12183/1390800952855-0.19993962231092155/package
43 verbose lock /var/folders/1m/fb9g9_mx1mjbs1s_dl6h8xc80000gn/T/npm-12183/1390800952855-0.19993962231092155/package /Users/adelevie/.npm/802c239f-2855-0-19993962231092155-package.lock
44 silly lockFile 113ad064-npm-react-tags-0-2-1-package-tgz /Users/adelevie/.npm/react-tags/0.2.1/package.tgz
45 verbose lock /Users/adelevie/.npm/react-tags/0.2.1/package.tgz /Users/adelevie/.npm/113ad064-npm-react-tags-0-2-1-package-tgz.lock
46 silly lockFile 802c239f-2855-0-19993962231092155-package /var/folders/1m/fb9g9_mx1mjbs1s_dl6h8xc80000gn/T/npm-12183/1390800952855-0.19993962231092155/package
47 silly lockFile 802c239f-2855-0-19993962231092155-package /var/folders/1m/fb9g9_mx1mjbs1s_dl6h8xc80000gn/T/npm-12183/1390800952855-0.19993962231092155/package
48 silly lockFile 113ad064-npm-react-tags-0-2-1-package-tgz /Users/adelevie/.npm/react-tags/0.2.1/package.tgz
49 silly lockFile 113ad064-npm-react-tags-0-2-1-package-tgz /Users/adelevie/.npm/react-tags/0.2.1/package.tgz
50 silly lockFile 230f7b53-vie-npm-react-tags-0-2-1-package /Users/adelevie/.npm/react-tags/0.2.1/package
51 verbose lock /Users/adelevie/.npm/react-tags/0.2.1/package /Users/adelevie/.npm/230f7b53-vie-npm-react-tags-0-2-1-package.lock
52 silly lockFile 230f7b53-vie-npm-react-tags-0-2-1-package /Users/adelevie/.npm/react-tags/0.2.1/package
53 silly lockFile 230f7b53-vie-npm-react-tags-0-2-1-package /Users/adelevie/.npm/react-tags/0.2.1/package
54 verbose tar unpack /Users/adelevie/.npm/react-tags/0.2.1/package.tgz
55 silly lockFile 230f7b53-vie-npm-react-tags-0-2-1-package /Users/adelevie/.npm/react-tags/0.2.1/package
56 verbose lock /Users/adelevie/.npm/react-tags/0.2.1/package /Users/adelevie/.npm/230f7b53-vie-npm-react-tags-0-2-1-package.lock
57 silly lockFile 113ad064-npm-react-tags-0-2-1-package-tgz /Users/adelevie/.npm/react-tags/0.2.1/package.tgz
58 verbose lock /Users/adelevie/.npm/react-tags/0.2.1/package.tgz /Users/adelevie/.npm/113ad064-npm-react-tags-0-2-1-package-tgz.lock
59 silly gunzTarPerm modes [ '755', '644' ]
60 silly gunzTarPerm extractEntry package.json
61 silly gunzTarPerm extractEntry README.md
62 silly gunzTarPerm extractEntry main.js
63 verbose read json /Users/adelevie/.npm/react-tags/0.2.1/package/package.json
64 silly lockFile 230f7b53-vie-npm-react-tags-0-2-1-package /Users/adelevie/.npm/react-tags/0.2.1/package
65 silly lockFile 230f7b53-vie-npm-react-tags-0-2-1-package /Users/adelevie/.npm/react-tags/0.2.1/package
66 silly lockFile 113ad064-npm-react-tags-0-2-1-package-tgz /Users/adelevie/.npm/react-tags/0.2.1/package.tgz
67 silly lockFile 113ad064-npm-react-tags-0-2-1-package-tgz /Users/adelevie/.npm/react-tags/0.2.1/package.tgz
68 verbose from cache /Users/adelevie/.npm/react-tags/0.2.1/package/package.json
69 verbose chmod /Users/adelevie/.npm/react-tags/0.2.1/package.tgz 644
70 verbose chown /Users/adelevie/.npm/react-tags/0.2.1/package.tgz [ 501, 20 ]
71 silly lockFile 3a52ce78- .
72 silly publish { name: 'react-tags',
72 silly publish   version: '0.2.1',
72 silly publish   description: 'Composable HTML tag functions to use with Facebook\'s React.',
72 silly publish   main: 'main.js',
72 silly publish   scripts: { test: 'echo "Error: no test specified" && exit 1' },
72 silly publish   repository: { type: 'git', url: 'https://github.com/adelevie/react-tags' },
72 silly publish   keywords: [ 'react' ],
72 silly publish   author: { name: 'Alan deLevie' },
72 silly publish   license: 'MIT',
72 silly publish   readme: '# react-tags\n\nA simple wrapper around `React.DOM`. \n\nWrite `a({href: \'http://github.com\'}, \'hello\')` instead of `React.DOM.a({href: \'http://github.com\'}, \'hello\')`.\n\nExperimental.\n\nSynopsis:\n\n```javascript\nvar React = require(\'React\');\nvar SiteBoilerPlate = require(\'../core/SiteBoilerPlate.js\'); // customize\nrequire(\'react-tags\').pollute(this, React);  // explicitly pollute scope with tags\n\nvar content = function() {\n  return div({}, \n    p({}, "A paragraph!"),\n    ul({}, \n      li({}, "one"),\n      li({}, "two"),\n      li({}, a({href: "http://github.com"}, "three"))\n    ),\n    div({}, \n      h3({}, "Hello world"),\n      p({}, "some content")\n    )\n  );\n};\n\nvar hello = React.createClass({\n  render: function() {\n    return SiteBoilerPlate({\n      children: content()\n    });\n  }\n});\n```\n\nFor a non-React flavor of this library, check out [`wut`](http://github.com/adelevie/wut).',
72 silly publish   readmeFilename: 'README.md',
72 silly publish   bugs: { url: 'https://github.com/adelevie/react-tags/issues' },
72 silly publish   _id: 'react-tags@0.2.1',
72 silly publish   dist: { shasum: 'ae61d2b89e5eb40b523b7ed6e351391c317c4a1b' },
72 silly publish   _from: '.' }
73 verbose url raw react-tags
74 verbose url resolving [ 'https://registry.npmjs.org/', './react-tags' ]
75 verbose url resolved https://registry.npmjs.org/react-tags
76 info trying registry request attempt 1 at 00:36:52
77 http PUT https://registry.npmjs.org/react-tags
78 http 409 https://registry.npmjs.org/react-tags
79 verbose url raw react-tags
80 verbose url resolving [ 'https://registry.npmjs.org/', './react-tags' ]
81 verbose url resolved https://registry.npmjs.org/react-tags
82 info trying registry request attempt 1 at 00:36:52
83 http GET https://registry.npmjs.org/react-tags
84 http 200 https://registry.npmjs.org/react-tags
85 verbose uploading [ 'react-tags/-/react-tags-0.2.1.tgz/-rev/3-6082e4f08fcfc76425d9b6553181e02e',
85 verbose uploading   '/Users/adelevie/.npm/react-tags/0.2.1/package.tgz' ]
86 verbose url raw react-tags/-/react-tags-0.2.1.tgz/-rev/3-6082e4f08fcfc76425d9b6553181e02e
87 verbose url resolving [ 'https://registry.npmjs.org/',
87 verbose url resolving   './react-tags/-/react-tags-0.2.1.tgz/-rev/3-6082e4f08fcfc76425d9b6553181e02e' ]
88 verbose url resolved https://registry.npmjs.org/react-tags/-/react-tags-0.2.1.tgz/-rev/3-6082e4f08fcfc76425d9b6553181e02e
89 info trying registry request attempt 1 at 00:36:52
90 http PUT https://registry.npmjs.org/react-tags/-/react-tags-0.2.1.tgz/-rev/3-6082e4f08fcfc76425d9b6553181e02e
91 http 409 https://registry.npmjs.org/react-tags/-/react-tags-0.2.1.tgz/-rev/3-6082e4f08fcfc76425d9b6553181e02e
92 error publish fail Cannot publish over existing version.
92 error publish fail Update the 'version' field in package.json and try again.
92 error publish fail
92 error publish fail If the previous version was published in error, see:
92 error publish fail     npm help unpublish
92 error publish fail
92 error publish fail To automatically increment version numbers, see:
92 error publish fail     npm help version
93 error System Darwin 12.0.0
94 error command "/usr/local/bin/node" "/usr/local/bin/npm" "publish" "."
95 error cwd /Users/adelevie/programming/react-tags
96 error node -v v0.10.9
97 error npm -v 1.2.24
98 error code EPUBLISHCONFLICT
99 verbose exit [ 1, true ]
